2025-06-10 21:47:09,328 - INFO - Request: GET /create tables/
2025-06-10 21:47:38,864 - INFO - Request: GET /create tables/
2025-06-10 21:47:38,865 - ERROR - Form data requires "python-multipart" to be installed. 
You can install "python-multipart" with: 

pip install python-multipart

2025-06-10 21:48:24,310 - INFO - Request: GET /create tables/
2025-06-10 21:59:59,923 - INFO - Request: GET /create tables/
2025-06-10 22:00:06,202 - INFO - Request: GET /
2025-06-10 22:03:38,631 - INFO - Request: GET /create tables/
2025-06-10 22:03:43,219 - INFO - Request: GET /create tables/
2025-06-10 22:03:52,690 - INFO - Request: GET /create tables/
2025-06-10 22:04:02,260 - INFO - Request: GET /create tables/
2025-06-10 22:04:05,685 - INFO - Request: GET /
2025-06-10 22:05:37,153 - INFO - Request: GET /create tables/
2025-06-10 22:05:53,501 - INFO - Request: GET /create tables/
2025-06-10 22:05:58,999 - INFO - Request: GET /create tables/
2025-06-10 22:05:59,650 - INFO - Request: GET /create tables/
2025-06-10 22:06:22,405 - INFO - Request: GET /create tables/
2025-06-10 22:06:42,236 - INFO - Request: GET /create tables/
2025-06-10 22:06:46,275 - INFO - Request: GET /
2025-06-10 22:43:39,017 - INFO - Request: GET /create tables/
2025-06-10 22:43:44,264 - INFO - Request: GET /create tables/
2025-06-10 22:43:45,749 - INFO - Request: GET /create tables/
2025-06-10 22:43:58,745 - INFO - Request: GET /create tables/
2025-06-11 02:07:12,174 - INFO - Request: GET /create tables/
2025-06-11 02:07:19,390 - INFO - Request: GET /
2025-06-11 02:07:30,629 - INFO - Request: GET /
2025-06-11 02:07:59,391 - INFO - Testing123
2025-06-11 02:11:03,389 - INFO - Request: GET /create tables/
2025-06-11 02:11:18,093 - INFO - Request: GET /
2025-06-11 02:11:44,079 - INFO - Testing123
2025-06-11 02:13:48,161 - INFO - Request: GET /create tables/
2025-06-11 02:13:48,986 - INFO - Request: GET /create tables/
2025-06-11 02:13:56,488 - INFO - Request: GET /
2025-06-11 02:13:58,838 - INFO - Testing123
2025-06-11 02:47:01,210 - INFO - Testing123
2025-06-11 02:51:51,024 - INFO - Testing123
